[2020-07-29 23:01:56][420] Processing: App\Jobs\DeleteTempImages
[2020-07-29 23:01:56][420] Processed:  App\Jobs\DeleteTempImages
[2020-07-29 23:01:56][419] Processing: App\Jobs\LoadImages
[2020-07-29 23:01:57][419] Failed:     App\Jobs\LoadImages
[2020-07-29 23:03:23][421] Processing: App\Jobs\LoadImages
[2020-07-29 23:03:24][421] Processed:  App\Jobs\LoadImages
[2020-07-29 23:03:24][422] Processing: App\Jobs\DeleteTempImages
[2020-07-29 23:03:24][422] Processed:  App\Jobs\DeleteTempImages
[2020-07-29 23:04:20][423] Processing: App\Jobs\LoadImages
[2020-07-29 23:04:20][424] Processing: App\Jobs\DeleteTempImages
[2020-07-29 23:04:20][424] Processed:  App\Jobs\DeleteTempImages
[2020-07-29 23:04:21][423] Failed:     App\Jobs\LoadImages
[2020-07-29 23:06:21][425] Processing: App\Jobs\LoadImages
[2020-07-29 23:06:23][425] Processed:  App\Jobs\LoadImages
[2020-07-29 23:06:23][426] Processing: App\Jobs\DeleteTempImages
[2020-07-29 23:06:24][426] Processed:  App\Jobs\DeleteTempImages
[2020-07-29 23:07:13][427] Processing: App\Jobs\LoadImages
[2020-07-29 23:07:13][428] Processing: App\Jobs\DeleteTempImages
[2020-07-29 23:07:13][428] Processed:  App\Jobs\DeleteTempImages
[2020-07-29 23:07:13][427] Failed:     App\Jobs\LoadImages
[2020-07-29 23:08:48][429] Processing: App\Jobs\LoadImages
[2020-07-29 23:08:48][430] Processing: App\Jobs\DeleteTempImages
[2020-07-29 23:08:49][430] Processed:  App\Jobs\DeleteTempImages
[2020-07-29 23:08:50][429] Failed:     App\Jobs\LoadImages
